<?xml version="1.0" encoding="UTF-8"?>
<testsuite name="com.dh.book.springboot.domain.posts.PostsRepositoryTest" tests="2" skipped="0" failures="0" errors="0" timestamp="2025-07-07T11:33:07.700Z" hostname="DOHY" time="0.278">
  <properties/>
  <testcase name="게시글저장_불러오기()" classname="com.dh.book.springboot.domain.posts.PostsRepositoryTest" time="0.244"/>
  <testcase name="BaseTimeEntity_등록()" classname="com.dh.book.springboot.domain.posts.PostsRepositoryTest" time="0.031"/>
  <system-out><![CDATA[2025-07-07 20:33:03.509  INFO 20060 --- [    Test worker] .b.t.c.SpringBootTestContextBootstrapper : Neither @ContextConfiguration nor @ContextHierarchy found for test class [com.dh.book.springboot.domain.posts.PostsRepositoryTest], using SpringBootContextLoader
2025-07-07 20:33:03.511  INFO 20060 --- [    Test worker] o.s.t.c.support.AbstractContextLoader    : Could not detect default resource locations for test class [com.dh.book.springboot.domain.posts.PostsRepositoryTest]: no resource found for suffixes {-context.xml, Context.groovy}.
2025-07-07 20:33:03.511  INFO 20060 --- [    Test worker] t.c.s.AnnotationConfigContextLoaderUtils : Could not detect default configuration classes for test class [com.dh.book.springboot.domain.posts.PostsRepositoryTest]: PostsRepositoryTest does not declare any static, non-private, non-final, nested classes annotated with @Configuration.
2025-07-07 20:33:03.521  INFO 20060 --- [    Test worker] .b.t.c.SpringBootTestContextBootstrapper : Found @SpringBootConfiguration com.dh.book.springboot.Application for test class com.dh.book.springboot.domain.posts.PostsRepositoryTest
2025-07-07 20:33:03.526  INFO 20060 --- [    Test worker] .b.t.c.SpringBootTestContextBootstrapper : Loaded default TestExecutionListener class names from location [META-INF/spring.factories]: [org.springframework.security.test.context.support.WithSecurityContextTestExecutionListener, org.springframework.security.test.context.support.ReactorContextTestExecutionListener, org.springframework.boot.test.autoconfigure.restdocs.RestDocsTestExecutionListener, org.springframework.boot.test.autoconfigure.web.client.MockRestServiceServerResetTestExecutionListener, org.springframework.boot.test.autoconfigure.web.servlet.MockMvcPrintOnlyOnFailureTestExecutionListener, org.springframework.boot.test.autoconfigure.web.servlet.WebDriverTestExecutionListener, org.springframework.boot.test.autoconfigure.webservices.client.MockWebServiceServerTestExecutionListener, org.springframework.boot.test.mock.mockito.MockitoTestExecutionListener, org.springframework.boot.test.mock.mockito.ResetMocksTestExecutionListener, org.springframework.test.context.web.ServletTestExecutionListener, org.springframework.test.context.support.DirtiesContextBeforeModesTestExecutionListener, org.springframework.test.context.event.ApplicationEventsTestExecutionListener, org.springframework.test.context.support.DependencyInjectionTestExecutionListener, org.springframework.test.context.support.DirtiesContextTestExecutionListener, org.springframework.test.context.transaction.TransactionalTestExecutionListener, org.springframework.test.context.jdbc.SqlScriptsTestExecutionListener, org.springframework.test.context.event.EventPublishingTestExecutionListener]
2025-07-07 20:33:03.527  INFO 20060 --- [    Test worker] .b.t.c.SpringBootTestContextBootstrapper : Using TestExecutionListeners: [org.springframework.test.context.web.ServletTestExecutionListener@16d07cf3, org.springframework.test.context.support.DirtiesContextBeforeModesTestExecutionListener@16f0ec18, org.springframework.test.context.event.ApplicationEventsTestExecutionListener@6c977dcf, org.springframework.boot.test.mock.mockito.MockitoTestExecutionListener@661d6bb6, org.springframework.boot.test.autoconfigure.SpringBootDependencyInjectionTestExecutionListener@733fb462, org.springframework.test.context.support.DirtiesContextTestExecutionListener@623e0631, org.springframework.test.context.transaction.TransactionalTestExecutionListener@359066bc, org.springframework.test.context.jdbc.SqlScriptsTestExecutionListener@385dfb63, org.springframework.security.test.context.support.WithSecurityContextTestExecutionListener@364fd4ae, org.springframework.test.context.event.EventPublishingTestExecutionListener@245253d8, org.springframework.security.test.context.support.ReactorContextTestExecutionListener@12417468, org.springframework.boot.test.autoconfigure.restdocs.RestDocsTestExecutionListener@459003a0, org.springframework.boot.test.autoconfigure.web.client.MockRestServiceServerResetTestExecutionListener@d325518, org.springframework.boot.test.autoconfigure.web.servlet.MockMvcPrintOnlyOnFailureTestExecutionListener@3b481bf5, org.springframework.boot.test.autoconfigure.web.servlet.WebDriverTestExecutionListener@2233cac0, org.springframework.boot.test.autoconfigure.webservices.client.MockWebServiceServerTestExecutionListener@67fb5025, org.springframework.boot.test.mock.mockito.ResetMocksTestExecutionListener@787e4357]

  .   ____          _            __ _ _
 /\\ / ___'_ __ _ _(_)_ __  __ _ \ \ \ \
( ( )\___ | '_ | '_| | '_ \/ _` | \ \ \ \
 \\/  ___)| |_)| | | | | || (_| |  ) ) ) )
  '  |____| .__|_| |_|_| |_\__, | / / / /
 =========|_|==============|___/=/_/_/_/
 :: Spring Boot ::               (v2.7.18)

2025-07-07 20:33:03.560  INFO 20060 --- [    Test worker] c.d.b.s.d.posts.PostsRepositoryTest      : Starting PostsRepositoryTest using Java 1.8.0_452 on dohy with PID 20060 (started by dohy in C:\Users\dohy\IdeaProjects\second-my-springboot2-webservice-dh)
2025-07-07 20:33:03.560  INFO 20060 --- [    Test worker] c.d.b.s.d.posts.PostsRepositoryTest      : The following 1 profile is active: "oauth"
2025-07-07 20:33:03.960  INFO 20060 --- [    Test worker] .s.d.r.c.RepositoryConfigurationDelegate : Bootstrapping Spring Data JPA repositories in DEFAULT mode.
2025-07-07 20:33:04.031  INFO 20060 --- [    Test worker] .s.d.r.c.RepositoryConfigurationDelegate : Finished Spring Data repository scanning in 61 ms. Found 2 JPA repository interfaces.
2025-07-07 20:33:04.383  INFO 20060 --- [    Test worker] com.zaxxer.hikari.HikariDataSource       : HikariPool-1 - Starting...
2025-07-07 20:33:04.643  INFO 20060 --- [    Test worker] com.zaxxer.hikari.HikariDataSource       : HikariPool-1 - Start completed.
2025-07-07 20:33:04.871  INFO 20060 --- [    Test worker] o.hibernate.jpa.internal.util.LogHelper  : HHH000204: Processing PersistenceUnitInfo [name: default]
2025-07-07 20:33:04.948  INFO 20060 --- [    Test worker] org.hibernate.Version                    : HHH000412: Hibernate ORM core version 5.6.15.Final
2025-07-07 20:33:05.019  INFO 20060 --- [    Test worker] o.hibernate.annotations.common.Version   : HCANN000001: Hibernate Commons Annotations {5.1.2.Final}
2025-07-07 20:33:05.181  INFO 20060 --- [    Test worker] org.hibernate.dialect.Dialect            : HHH000400: Using dialect: org.hibernate.dialect.MySQL5InnoDBDialect
Hibernate: 
    
    drop table if exists posts
Hibernate: 
    
    drop table if exists users
Hibernate: 
    
    create table posts (
       id bigint not null auto_increment,
        created_date datetime,
        modified_date datetime,
        author varchar(255),
        content TEXT not null,
        title varchar(500) not null,
        primary key (id)
    ) engine=InnoDB
Hibernate: 
    
    create table users (
       id bigint not null auto_increment,
        created_date datetime,
        modified_date datetime,
        email varchar(255) not null,
        name varchar(255) not null,
        picture varchar(255),
        role varchar(255) not null,
        primary key (id)
    ) engine=InnoDB
2025-07-07 20:33:06.083  INFO 20060 --- [    Test worker] o.h.e.t.j.p.i.JtaPlatformInitiator       : HHH000490: Using JtaPlatform implementation: [org.hibernate.engine.transaction.jta.platform.internal.NoJtaPlatform]
2025-07-07 20:33:06.097  INFO 20060 --- [    Test worker] j.LocalContainerEntityManagerFactoryBean : Initialized JPA EntityManagerFactory for persistence unit 'default'
2025-07-07 20:33:06.903  INFO 20060 --- [    Test worker] o.s.s.web.DefaultSecurityFilterChain     : Will secure any request with [org.springframework.security.web.session.DisableEncodeUrlFilter@68f264bf, org.springframework.security.web.context.request.async.WebAsyncManagerIntegrationFilter@77988c45, org.springframework.security.web.context.SecurityContextPersistenceFilter@76b019c4, org.springframework.security.web.header.HeaderWriterFilter@2ef1fc8a, org.springframework.security.web.authentication.logout.LogoutFilter@1cfb7450, org.springframework.security.oauth2.client.web.OAuth2AuthorizationRequestRedirectFilter@18bc1064, org.springframework.security.oauth2.client.web.OAuth2LoginAuthenticationFilter@3cab07dd, org.springframework.security.web.authentication.ui.DefaultLoginPageGeneratingFilter@1ddc8fc, org.springframework.security.web.authentication.ui.DefaultLogoutPageGeneratingFilter@f5f8de2, org.springframework.security.web.savedrequest.RequestCacheAwareFilter@221961af, org.springframework.security.web.servletapi.SecurityContextHolderAwareRequestFilter@32ddcca, org.springframework.security.web.authentication.AnonymousAuthenticationFilter@6baee63b, org.springframework.security.web.session.SessionManagementFilter@38874eb5, org.springframework.security.web.access.ExceptionTranslationFilter@55202ba6, org.springframework.security.web.access.intercept.AuthorizationFilter@ef220e4]
2025-07-07 20:33:07.094  WARN 20060 --- [    Test worker] JpaBaseConfiguration$JpaWebConfiguration : spring.jpa.open-in-view is enabled by default. Therefore, database queries may be performed during view rendering. Explicitly configure spring.jpa.open-in-view to disable this warning
2025-07-07 20:33:07.237  INFO 20060 --- [    Test worker] o.s.b.a.h2.H2ConsoleAutoConfiguration    : H2 console available at '/h2-console'. Database available at 'jdbc:h2:mem:testdb'
2025-07-07 20:33:07.249  INFO 20060 --- [    Test worker] o.s.b.a.w.s.WelcomePageHandlerMapping    : Adding welcome page template: index
2025-07-07 20:33:07.686  INFO 20060 --- [    Test worker] s.a.ScheduledAnnotationBeanPostProcessor : No TaskScheduler/ScheduledExecutorService bean found for scheduled processing
2025-07-07 20:33:07.695  INFO 20060 --- [    Test worker] c.d.b.s.d.posts.PostsRepositoryTest      : Started PostsRepositoryTest in 4.165 seconds (JVM running for 8.72)
Hibernate: 
    insert 
    into
        posts
        (created_date, modified_date, author, content, title) 
    values
        (?, ?, ?, ?, ?)
Hibernate: 
    select
        posts0_.id as id1_0_,
        posts0_.created_date as created_2_0_,
        posts0_.modified_date as modified3_0_,
        posts0_.author as author4_0_,
        posts0_.content as content5_0_,
        posts0_.title as title6_0_ 
    from
        posts posts0_
Hibernate: 
    select
        posts0_.id as id1_0_,
        posts0_.created_date as created_2_0_,
        posts0_.modified_date as modified3_0_,
        posts0_.author as author4_0_,
        posts0_.content as content5_0_,
        posts0_.title as title6_0_ 
    from
        posts posts0_
Hibernate: 
    delete 
    from
        posts 
    where
        id=?
Hibernate: 
    insert 
    into
        posts
        (created_date, modified_date, author, content, title) 
    values
        (?, ?, ?, ?, ?)
Hibernate: 
    select
        posts0_.id as id1_0_,
        posts0_.created_date as created_2_0_,
        posts0_.modified_date as modified3_0_,
        posts0_.author as author4_0_,
        posts0_.content as content5_0_,
        posts0_.title as title6_0_ 
    from
        posts posts0_
>>>>>>>>> create Date=2025-07-07T20:33:07.951, modifiedDate=2025-07-07T20:33:07.951
Hibernate: 
    select
        posts0_.id as id1_0_,
        posts0_.created_date as created_2_0_,
        posts0_.modified_date as modified3_0_,
        posts0_.author as author4_0_,
        posts0_.content as content5_0_,
        posts0_.title as title6_0_ 
    from
        posts posts0_
Hibernate: 
    delete 
    from
        posts 
    where
        id=?
]]></system-out>
  <system-err><![CDATA[]]></system-err>
</testsuite>
