<?xml version="1.0" encoding="UTF-8"?>
<testsuite name="com.dh.book.springboot.web.IndexControllerTest" tests="1" skipped="0" failures="0" errors="0" timestamp="2025-07-07T11:33:10.057Z" hostname="DOHY" time="0.187">
  <properties/>
  <testcase name="메인페이지_로딩()" classname="com.dh.book.springboot.web.IndexControllerTest" time="0.187"/>
  <system-out><![CDATA[2025-07-07 20:33:07.983  INFO 20060 --- [    Test worker] .b.t.c.SpringBootTestContextBootstrapper : Neither @ContextConfiguration nor @ContextHierarchy found for test class [com.dh.book.springboot.web.IndexControllerTest], using SpringBootContextLoader
2025-07-07 20:33:07.986  INFO 20060 --- [    Test worker] o.s.t.c.support.AbstractContextLoader    : Could not detect default resource locations for test class [com.dh.book.springboot.web.IndexControllerTest]: no resource found for suffixes {-context.xml, Context.groovy}.
2025-07-07 20:33:07.986  INFO 20060 --- [    Test worker] t.c.s.AnnotationConfigContextLoaderUtils : Could not detect default configuration classes for test class [com.dh.book.springboot.web.IndexControllerTest]: IndexControllerTest does not declare any static, non-private, non-final, nested classes annotated with @Configuration.
2025-07-07 20:33:07.988  INFO 20060 --- [    Test worker] .b.t.c.SpringBootTestContextBootstrapper : Found @SpringBootConfiguration com.dh.book.springboot.Application for test class com.dh.book.springboot.web.IndexControllerTest
2025-07-07 20:33:07.990  INFO 20060 --- [    Test worker] .b.t.c.SpringBootTestContextBootstrapper : Loaded default TestExecutionListener class names from location [META-INF/spring.factories]: [org.springframework.security.test.context.support.WithSecurityContextTestExecutionListener, org.springframework.security.test.context.support.ReactorContextTestExecutionListener, org.springframework.boot.test.autoconfigure.restdocs.RestDocsTestExecutionListener, org.springframework.boot.test.autoconfigure.web.client.MockRestServiceServerResetTestExecutionListener, org.springframework.boot.test.autoconfigure.web.servlet.MockMvcPrintOnlyOnFailureTestExecutionListener, org.springframework.boot.test.autoconfigure.web.servlet.WebDriverTestExecutionListener, org.springframework.boot.test.autoconfigure.webservices.client.MockWebServiceServerTestExecutionListener, org.springframework.boot.test.mock.mockito.MockitoTestExecutionListener, org.springframework.boot.test.mock.mockito.ResetMocksTestExecutionListener, org.springframework.test.context.web.ServletTestExecutionListener, org.springframework.test.context.support.DirtiesContextBeforeModesTestExecutionListener, org.springframework.test.context.event.ApplicationEventsTestExecutionListener, org.springframework.test.context.support.DependencyInjectionTestExecutionListener, org.springframework.test.context.support.DirtiesContextTestExecutionListener, org.springframework.test.context.transaction.TransactionalTestExecutionListener, org.springframework.test.context.jdbc.SqlScriptsTestExecutionListener, org.springframework.test.context.event.EventPublishingTestExecutionListener]
2025-07-07 20:33:07.991  INFO 20060 --- [    Test worker] .b.t.c.SpringBootTestContextBootstrapper : Using TestExecutionListeners: [org.springframework.test.context.web.ServletTestExecutionListener@5ef7ae2f, org.springframework.test.context.support.DirtiesContextBeforeModesTestExecutionListener@1bcf2c64, org.springframework.test.context.event.ApplicationEventsTestExecutionListener@b5bddfe, org.springframework.boot.test.mock.mockito.MockitoTestExecutionListener@4fe3f9ef, org.springframework.boot.test.autoconfigure.SpringBootDependencyInjectionTestExecutionListener@2c86b0ea, org.springframework.test.context.support.DirtiesContextTestExecutionListener@4e481512, org.springframework.test.context.transaction.TransactionalTestExecutionListener@1ba98508, org.springframework.test.context.jdbc.SqlScriptsTestExecutionListener@4b552b13, org.springframework.security.test.context.support.WithSecurityContextTestExecutionListener@524dd373, org.springframework.test.context.event.EventPublishingTestExecutionListener@5ca3acad, org.springframework.security.test.context.support.ReactorContextTestExecutionListener@b75f3f4, org.springframework.boot.test.autoconfigure.restdocs.RestDocsTestExecutionListener@691a5c3a, org.springframework.boot.test.autoconfigure.web.client.MockRestServiceServerResetTestExecutionListener@5570dc21, org.springframework.boot.test.autoconfigure.web.servlet.MockMvcPrintOnlyOnFailureTestExecutionListener@1477d4e6, org.springframework.boot.test.autoconfigure.web.servlet.WebDriverTestExecutionListener@30b97fcf, org.springframework.boot.test.autoconfigure.webservices.client.MockWebServiceServerTestExecutionListener@b791e6e, org.springframework.boot.test.mock.mockito.ResetMocksTestExecutionListener@583b4af4]

  .   ____          _            __ _ _
 /\\ / ___'_ __ _ _(_)_ __  __ _ \ \ \ \
( ( )\___ | '_ | '_| | '_ \/ _` | \ \ \ \
 \\/  ___)| |_)| | | | | || (_| |  ) ) ) )
  '  |____| .__|_| |_|_| |_\__, | / / / /
 =========|_|==============|___/=/_/_/_/
 :: Spring Boot ::               (v2.7.18)

2025-07-07 20:33:08.042  INFO 20060 --- [    Test worker] c.d.b.s.web.IndexControllerTest          : Starting IndexControllerTest using Java 1.8.0_452 on dohy with PID 20060 (started by dohy in C:\Users\dohy\IdeaProjects\second-my-springboot2-webservice-dh)
2025-07-07 20:33:08.042  INFO 20060 --- [    Test worker] c.d.b.s.web.IndexControllerTest          : The following 1 profile is active: "oauth"
2025-07-07 20:33:08.309  INFO 20060 --- [    Test worker] .s.d.r.c.RepositoryConfigurationDelegate : Bootstrapping Spring Data JPA repositories in DEFAULT mode.
2025-07-07 20:33:08.336  INFO 20060 --- [    Test worker] .s.d.r.c.RepositoryConfigurationDelegate : Finished Spring Data repository scanning in 25 ms. Found 2 JPA repository interfaces.
2025-07-07 20:33:08.751  INFO 20060 --- [    Test worker] o.s.b.w.embedded.tomcat.TomcatWebServer  : Tomcat initialized with port(s): 0 (http)
2025-07-07 20:33:08.765  INFO 20060 --- [    Test worker] o.apache.catalina.core.StandardService   : Starting service [Tomcat]
2025-07-07 20:33:08.766  INFO 20060 --- [    Test worker] org.apache.catalina.core.StandardEngine  : Starting Servlet engine: [Apache Tomcat/9.0.83]
2025-07-07 20:33:08.924  INFO 20060 --- [    Test worker] o.a.c.c.C.[Tomcat].[localhost].[/]       : Initializing Spring embedded WebApplicationContext
2025-07-07 20:33:08.925  INFO 20060 --- [    Test worker] w.s.c.ServletWebServerApplicationContext : Root WebApplicationContext: initialization completed in 868 ms
2025-07-07 20:33:08.948  INFO 20060 --- [    Test worker] com.zaxxer.hikari.HikariDataSource       : HikariPool-2 - Starting...
2025-07-07 20:33:08.949  INFO 20060 --- [    Test worker] com.zaxxer.hikari.HikariDataSource       : HikariPool-2 - Start completed.
2025-07-07 20:33:08.949  INFO 20060 --- [    Test worker] o.s.b.a.h2.H2ConsoleAutoConfiguration    : H2 console available at '/h2-console'. Database available at 'jdbc:h2:mem:testdb'
2025-07-07 20:33:09.175  INFO 20060 --- [    Test worker] o.hibernate.jpa.internal.util.LogHelper  : HHH000204: Processing PersistenceUnitInfo [name: default]
2025-07-07 20:33:09.183  INFO 20060 --- [    Test worker] org.hibernate.dialect.Dialect            : HHH000400: Using dialect: org.hibernate.dialect.MySQL5InnoDBDialect
Hibernate: 
    
    drop table if exists posts
Hibernate: 
    
    drop table if exists users
Hibernate: 
    
    create table posts (
       id bigint not null auto_increment,
        created_date datetime,
        modified_date datetime,
        author varchar(255),
        content TEXT not null,
        title varchar(500) not null,
        primary key (id)
    ) engine=InnoDB
Hibernate: 
    
    create table users (
       id bigint not null auto_increment,
        created_date datetime,
        modified_date datetime,
        email varchar(255) not null,
        name varchar(255) not null,
        picture varchar(255),
        role varchar(255) not null,
        primary key (id)
    ) engine=InnoDB
2025-07-07 20:33:09.230  INFO 20060 --- [    Test worker] o.h.e.t.j.p.i.JtaPlatformInitiator       : HHH000490: Using JtaPlatform implementation: [org.hibernate.engine.transaction.jta.platform.internal.NoJtaPlatform]
2025-07-07 20:33:09.230  INFO 20060 --- [    Test worker] j.LocalContainerEntityManagerFactoryBean : Initialized JPA EntityManagerFactory for persistence unit 'default'
2025-07-07 20:33:09.526  INFO 20060 --- [    Test worker] o.s.s.web.DefaultSecurityFilterChain     : Will secure any request with [org.springframework.security.web.session.DisableEncodeUrlFilter@1e12fdcf, org.springframework.security.web.context.request.async.WebAsyncManagerIntegrationFilter@1d0fc0bc, org.springframework.security.web.context.SecurityContextPersistenceFilter@3ad9fea, org.springframework.security.web.header.HeaderWriterFilter@5ed88e31, org.springframework.security.web.authentication.logout.LogoutFilter@70ab1ce0, org.springframework.security.oauth2.client.web.OAuth2AuthorizationRequestRedirectFilter@53b9952f, org.springframework.security.oauth2.client.web.OAuth2LoginAuthenticationFilter@7bdddfa4, org.springframework.security.web.authentication.ui.DefaultLoginPageGeneratingFilter@38f3dbbf, org.springframework.security.web.authentication.ui.DefaultLogoutPageGeneratingFilter@2003edf, org.springframework.security.web.savedrequest.RequestCacheAwareFilter@556e4588, org.springframework.security.web.servletapi.SecurityContextHolderAwareRequestFilter@4f5df012, org.springframework.security.web.authentication.AnonymousAuthenticationFilter@1735e1c4, org.springframework.security.web.session.SessionManagementFilter@574413bd, org.springframework.security.web.access.ExceptionTranslationFilter@2e6f1f48, org.springframework.security.web.access.intercept.AuthorizationFilter@765eb801]
2025-07-07 20:33:09.576  WARN 20060 --- [    Test worker] JpaBaseConfiguration$JpaWebConfiguration : spring.jpa.open-in-view is enabled by default. Therefore, database queries may be performed during view rendering. Explicitly configure spring.jpa.open-in-view to disable this warning
2025-07-07 20:33:09.709  INFO 20060 --- [    Test worker] o.s.b.a.w.s.WelcomePageHandlerMapping    : Adding welcome page template: index
2025-07-07 20:33:10.048  INFO 20060 --- [    Test worker] o.s.b.w.embedded.tomcat.TomcatWebServer  : Tomcat started on port(s): 56478 (http) with context path ''
2025-07-07 20:33:10.052  INFO 20060 --- [    Test worker] s.a.ScheduledAnnotationBeanPostProcessor : No TaskScheduler/ScheduledExecutorService bean found for scheduled processing
2025-07-07 20:33:10.053  INFO 20060 --- [    Test worker] c.d.b.s.web.IndexControllerTest          : Started IndexControllerTest in 2.059 seconds (JVM running for 11.077)
2025-07-07 20:33:10.165  INFO 20060 --- [o-auto-1-exec-1] o.a.c.c.C.[Tomcat].[localhost].[/]       : Initializing Spring DispatcherServlet 'dispatcherServlet'
2025-07-07 20:33:10.165  INFO 20060 --- [o-auto-1-exec-1] o.s.web.servlet.DispatcherServlet        : Initializing Servlet 'dispatcherServlet'
2025-07-07 20:33:10.167  INFO 20060 --- [o-auto-1-exec-1] o.s.web.servlet.DispatcherServlet        : Completed initialization in 1 ms
Hibernate: 
    select
        posts0_.id as id1_0_,
        posts0_.created_date as created_2_0_,
        posts0_.modified_date as modified3_0_,
        posts0_.author as author4_0_,
        posts0_.content as content5_0_,
        posts0_.title as title6_0_ 
    from
        posts posts0_ 
    order by
        posts0_.id DESC
]]></system-out>
  <system-err><![CDATA[]]></system-err>
</testsuite>
