<?xml version="1.0" encoding="UTF-8"?>
<testsuite name="com.dh.book.springboot.domain.posts.PostsRepositoryTest" tests="2" skipped="0" failures="0" errors="0" timestamp="2025-07-07T10:34:24.062Z" hostname="DOHY" time="0.176">
  <properties/>
  <testcase name="게시글저장_불러오기()" classname="com.dh.book.springboot.domain.posts.PostsRepositoryTest" time="0.145"/>
  <testcase name="BaseTimeEntity_등록()" classname="com.dh.book.springboot.domain.posts.PostsRepositoryTest" time="0.028"/>
  <system-out><![CDATA[2025-07-07 19:34:22.576  INFO 19956 --- [    Test worker] .b.t.c.SpringBootTestContextBootstrapper : Neither @ContextConfiguration nor @ContextHierarchy found for test class [com.dh.book.springboot.domain.posts.PostsRepositoryTest], using SpringBootContextLoader
2025-07-07 19:34:22.577  INFO 19956 --- [    Test worker] o.s.t.c.support.AbstractContextLoader    : Could not detect default resource locations for test class [com.dh.book.springboot.domain.posts.PostsRepositoryTest]: no resource found for suffixes {-context.xml, Context.groovy}.
2025-07-07 19:34:22.578  INFO 19956 --- [    Test worker] t.c.s.AnnotationConfigContextLoaderUtils : Could not detect default configuration classes for test class [com.dh.book.springboot.domain.posts.PostsRepositoryTest]: PostsRepositoryTest does not declare any static, non-private, non-final, nested classes annotated with @Configuration.
2025-07-07 19:34:22.594  INFO 19956 --- [    Test worker] .b.t.c.SpringBootTestContextBootstrapper : Found @SpringBootConfiguration com.dh.book.springboot.Application for test class com.dh.book.springboot.domain.posts.PostsRepositoryTest
2025-07-07 19:34:22.596  INFO 19956 --- [    Test worker] .b.t.c.SpringBootTestContextBootstrapper : Loaded default TestExecutionListener class names from location [META-INF/spring.factories]: [org.springframework.security.test.context.support.WithSecurityContextTestExecutionListener, org.springframework.security.test.context.support.ReactorContextTestExecutionListener, org.springframework.boot.test.autoconfigure.restdocs.RestDocsTestExecutionListener, org.springframework.boot.test.autoconfigure.web.client.MockRestServiceServerResetTestExecutionListener, org.springframework.boot.test.autoconfigure.web.servlet.MockMvcPrintOnlyOnFailureTestExecutionListener, org.springframework.boot.test.autoconfigure.web.servlet.WebDriverTestExecutionListener, org.springframework.boot.test.autoconfigure.webservices.client.MockWebServiceServerTestExecutionListener, org.springframework.boot.test.mock.mockito.MockitoTestExecutionListener, org.springframework.boot.test.mock.mockito.ResetMocksTestExecutionListener, org.springframework.test.context.web.ServletTestExecutionListener, org.springframework.test.context.support.DirtiesContextBeforeModesTestExecutionListener, org.springframework.test.context.event.ApplicationEventsTestExecutionListener, org.springframework.test.context.support.DependencyInjectionTestExecutionListener, org.springframework.test.context.support.DirtiesContextTestExecutionListener, org.springframework.test.context.transaction.TransactionalTestExecutionListener, org.springframework.test.context.jdbc.SqlScriptsTestExecutionListener, org.springframework.test.context.event.EventPublishingTestExecutionListener]
2025-07-07 19:34:22.597  INFO 19956 --- [    Test worker] .b.t.c.SpringBootTestContextBootstrapper : Using TestExecutionListeners: [org.springframework.test.context.web.ServletTestExecutionListener@4ef277ef, org.springframework.test.context.support.DirtiesContextBeforeModesTestExecutionListener@1ddc889b, org.springframework.test.context.event.ApplicationEventsTestExecutionListener@5ec3689b, org.springframework.boot.test.mock.mockito.MockitoTestExecutionListener@7c0a6f62, org.springframework.boot.test.autoconfigure.SpringBootDependencyInjectionTestExecutionListener@219a2203, org.springframework.test.context.support.DirtiesContextTestExecutionListener@58fbfefb, org.springframework.test.context.transaction.TransactionalTestExecutionListener@1db9c2cf, org.springframework.test.context.jdbc.SqlScriptsTestExecutionListener@32e7df65, org.springframework.security.test.context.support.WithSecurityContextTestExecutionListener@421d7900, org.springframework.test.context.event.EventPublishingTestExecutionListener@45964b9e, org.springframework.security.test.context.support.ReactorContextTestExecutionListener@166a5659, org.springframework.boot.test.autoconfigure.restdocs.RestDocsTestExecutionListener@1afabf06, org.springframework.boot.test.autoconfigure.web.client.MockRestServiceServerResetTestExecutionListener@33060020, org.springframework.boot.test.autoconfigure.web.servlet.MockMvcPrintOnlyOnFailureTestExecutionListener@443b6765, org.springframework.boot.test.autoconfigure.web.servlet.WebDriverTestExecutionListener@a72925, org.springframework.boot.test.autoconfigure.webservices.client.MockWebServiceServerTestExecutionListener@4feaa4b8, org.springframework.boot.test.mock.mockito.ResetMocksTestExecutionListener@4c6eaa65]

  .   ____          _            __ _ _
 /\\ / ___'_ __ _ _(_)_ __  __ _ \ \ \ \
( ( )\___ | '_ | '_| | '_ \/ _` | \ \ \ \
 \\/  ___)| |_)| | | | | || (_| |  ) ) ) )
  '  |____| .__|_| |_|_| |_\__, | / / / /
 =========|_|==============|___/=/_/_/_/
 :: Spring Boot ::               (v2.7.18)

2025-07-07 19:34:22.632  INFO 19956 --- [    Test worker] c.d.b.s.d.posts.PostsRepositoryTest      : Starting PostsRepositoryTest using Java 1.8.0_452 on dohy with PID 19956 (started by dohy in C:\Users\dohy\IdeaProjects\second-my-springboot2-webservice-dh)
2025-07-07 19:34:22.632  INFO 19956 --- [    Test worker] c.d.b.s.d.posts.PostsRepositoryTest      : The following 1 profile is active: "oauth"
2025-07-07 19:34:22.853  INFO 19956 --- [    Test worker] .s.d.r.c.RepositoryConfigurationDelegate : Bootstrapping Spring Data JPA repositories in DEFAULT mode.
2025-07-07 19:34:22.877  INFO 19956 --- [    Test worker] .s.d.r.c.RepositoryConfigurationDelegate : Finished Spring Data repository scanning in 23 ms. Found 2 JPA repository interfaces.
2025-07-07 19:34:23.017  INFO 19956 --- [    Test worker] com.zaxxer.hikari.HikariDataSource       : HikariPool-2 - Starting...
2025-07-07 19:34:23.018  INFO 19956 --- [    Test worker] com.zaxxer.hikari.HikariDataSource       : HikariPool-2 - Start completed.
2025-07-07 19:34:23.074  INFO 19956 --- [    Test worker] o.hibernate.jpa.internal.util.LogHelper  : HHH000204: Processing PersistenceUnitInfo [name: default]
2025-07-07 19:34:23.081  INFO 19956 --- [    Test worker] org.hibernate.dialect.Dialect            : HHH000400: Using dialect: org.hibernate.dialect.MySQL5InnoDBDialect
Hibernate: 
    
    drop table if exists posts
Hibernate: 
    
    drop table if exists users
Hibernate: 
    
    create table posts (
       id bigint not null auto_increment,
        created_date datetime,
        modified_date datetime,
        author varchar(255),
        content TEXT not null,
        title varchar(500) not null,
        primary key (id)
    ) engine=InnoDB
Hibernate: 
    
    create table users (
       id bigint not null auto_increment,
        created_date datetime,
        modified_date datetime,
        email varchar(255) not null,
        name varchar(255) not null,
        picture varchar(255),
        role varchar(255) not null,
        primary key (id)
    ) engine=InnoDB
2025-07-07 19:34:23.126  INFO 19956 --- [    Test worker] o.h.e.t.j.p.i.JtaPlatformInitiator       : HHH000490: Using JtaPlatform implementation: [org.hibernate.engine.transaction.jta.platform.internal.NoJtaPlatform]
2025-07-07 19:34:23.127  INFO 19956 --- [    Test worker] j.LocalContainerEntityManagerFactoryBean : Initialized JPA EntityManagerFactory for persistence unit 'default'
2025-07-07 19:34:23.433  INFO 19956 --- [    Test worker] o.s.s.web.DefaultSecurityFilterChain     : Will secure any request with [org.springframework.security.web.session.DisableEncodeUrlFilter@24e79a4d, org.springframework.security.web.context.request.async.WebAsyncManagerIntegrationFilter@5542418c, org.springframework.security.web.context.SecurityContextPersistenceFilter@1c97c3bb, org.springframework.security.web.header.HeaderWriterFilter@5dc7881d, org.springframework.security.web.authentication.logout.LogoutFilter@63c163e1, org.springframework.security.oauth2.client.web.OAuth2AuthorizationRequestRedirectFilter@5b2fc2c0, org.springframework.security.oauth2.client.web.OAuth2LoginAuthenticationFilter@33197c2f, org.springframework.security.web.authentication.ui.DefaultLoginPageGeneratingFilter@496e0f9d, org.springframework.security.web.authentication.ui.DefaultLogoutPageGeneratingFilter@705eb026, org.springframework.security.web.savedrequest.RequestCacheAwareFilter@68fc1e7f, org.springframework.security.web.servletapi.SecurityContextHolderAwareRequestFilter@99af41d, org.springframework.security.web.authentication.AnonymousAuthenticationFilter@8de4206, org.springframework.security.web.session.SessionManagementFilter@590336ed, org.springframework.security.web.access.ExceptionTranslationFilter@6fd37997, org.springframework.security.web.access.intercept.AuthorizationFilter@40ebb56]
2025-07-07 19:34:23.550  WARN 19956 --- [    Test worker] JpaBaseConfiguration$JpaWebConfiguration : spring.jpa.open-in-view is enabled by default. Therefore, database queries may be performed during view rendering. Explicitly configure spring.jpa.open-in-view to disable this warning
2025-07-07 19:34:23.682  INFO 19956 --- [    Test worker] o.s.b.a.h2.H2ConsoleAutoConfiguration    : H2 console available at '/h2-console'. Database available at 'jdbc:h2:mem:testdb'
2025-07-07 19:34:23.694  INFO 19956 --- [    Test worker] o.s.b.a.w.s.WelcomePageHandlerMapping    : Adding welcome page template: index
2025-07-07 19:34:24.057  INFO 19956 --- [    Test worker] s.a.ScheduledAnnotationBeanPostProcessor : No TaskScheduler/ScheduledExecutorService bean found for scheduled processing
2025-07-07 19:34:24.058  INFO 19956 --- [    Test worker] c.d.b.s.d.posts.PostsRepositoryTest      : Started PostsRepositoryTest in 1.457 seconds (JVM running for 11.405)
Hibernate: 
    insert 
    into
        posts
        (created_date, modified_date, author, content, title) 
    values
        (?, ?, ?, ?, ?)
Hibernate: 
    select
        posts0_.id as id1_0_,
        posts0_.created_date as created_2_0_,
        posts0_.modified_date as modified3_0_,
        posts0_.author as author4_0_,
        posts0_.content as content5_0_,
        posts0_.title as title6_0_ 
    from
        posts posts0_
Hibernate: 
    select
        posts0_.id as id1_0_,
        posts0_.created_date as created_2_0_,
        posts0_.modified_date as modified3_0_,
        posts0_.author as author4_0_,
        posts0_.content as content5_0_,
        posts0_.title as title6_0_ 
    from
        posts posts0_
Hibernate: 
    delete 
    from
        posts 
    where
        id=?
Hibernate: 
    insert 
    into
        posts
        (created_date, modified_date, author, content, title) 
    values
        (?, ?, ?, ?, ?)
Hibernate: 
    select
        posts0_.id as id1_0_,
        posts0_.created_date as created_2_0_,
        posts0_.modified_date as modified3_0_,
        posts0_.author as author4_0_,
        posts0_.content as content5_0_,
        posts0_.title as title6_0_ 
    from
        posts posts0_
>>>>>>>>> create Date=2025-07-07T19:34:24.216, modifiedDate=2025-07-07T19:34:24.216
Hibernate: 
    select
        posts0_.id as id1_0_,
        posts0_.created_date as created_2_0_,
        posts0_.modified_date as modified3_0_,
        posts0_.author as author4_0_,
        posts0_.content as content5_0_,
        posts0_.title as title6_0_ 
    from
        posts posts0_
Hibernate: 
    delete 
    from
        posts 
    where
        id=?
]]></system-out>
  <system-err><![CDATA[]]></system-err>
</testsuite>
