<?xml version="1.0" encoding="UTF-8"?>
<testsuite name="com.dh.book.springboot.web.IndexControllerTest" tests="1" skipped="0" failures="0" errors="0" timestamp="2025-07-03T07:20:33.933Z" hostname="DOHY" time="0.446">
  <properties/>
  <testcase name="메인페이지_로딩()" classname="com.dh.book.springboot.web.IndexControllerTest" time="0.446"/>
  <system-out><![CDATA[16:20:27.537 [Test worker] DEBUG org.springframework.test.context.BootstrapUtils - Instantiating CacheAwareContextLoaderDelegate from class [org.springframework.test.context.cache.DefaultCacheAwareContextLoaderDelegate]
16:20:27.551 [Test worker] DEBUG org.springframework.test.context.BootstrapUtils - Instantiating BootstrapContext using constructor [public org.springframework.test.context.support.DefaultBootstrapContext(java.lang.Class,org.springframework.test.context.CacheAwareContextLoaderDelegate)]
16:20:27.590 [Test worker] DEBUG org.springframework.test.context.BootstrapUtils - Instantiating TestContextBootstrapper for test class [com.dh.book.springboot.web.IndexControllerTest] from class [org.springframework.boot.test.context.SpringBootTestContextBootstrapper]
16:20:27.605 [Test worker] INFO org.springframework.boot.test.context.SpringBootTestContextBootstrapper - Neither @ContextConfiguration nor @ContextHierarchy found for test class [com.dh.book.springboot.web.IndexControllerTest], using SpringBootContextLoader
16:20:27.610 [Test worker] DEBUG org.springframework.test.context.support.AbstractContextLoader - Did not detect default resource location for test class [com.dh.book.springboot.web.IndexControllerTest]: class path resource [com/dh/book/springboot/web/IndexControllerTest-context.xml] does not exist
16:20:27.611 [Test worker] DEBUG org.springframework.test.context.support.AbstractContextLoader - Did not detect default resource location for test class [com.dh.book.springboot.web.IndexControllerTest]: class path resource [com/dh/book/springboot/web/IndexControllerTestContext.groovy] does not exist
16:20:27.611 [Test worker] INFO org.springframework.test.context.support.AbstractContextLoader - Could not detect default resource locations for test class [com.dh.book.springboot.web.IndexControllerTest]: no resource found for suffixes {-context.xml, Context.groovy}.
16:20:27.612 [Test worker] INFO org.springframework.test.context.support.AnnotationConfigContextLoaderUtils - Could not detect default configuration classes for test class [com.dh.book.springboot.web.IndexControllerTest]: IndexControllerTest does not declare any static, non-private, non-final, nested classes annotated with @Configuration.
16:20:27.668 [Test worker] DEBUG org.springframework.test.context.support.ActiveProfilesUtils - Could not find an 'annotation declaring class' for annotation type [org.springframework.test.context.ActiveProfiles] and class [com.dh.book.springboot.web.IndexControllerTest]
16:20:27.775 [Test worker] DEBUG org.springframework.context.annotation.ClassPathScanningCandidateComponentProvider - Identified candidate component class: file [C:\Users\dohy\IdeaProjects\second-my-springboot2-webservice-dh\build\classes\java\main\com\dh\book\springboot\Application.class]
16:20:27.777 [Test worker] INFO org.springframework.boot.test.context.SpringBootTestContextBootstrapper - Found @SpringBootConfiguration com.dh.book.springboot.Application for test class com.dh.book.springboot.web.IndexControllerTest
16:20:27.904 [Test worker] DEBUG org.springframework.boot.test.context.SpringBootTestContextBootstrapper - @TestExecutionListeners is not present for class [com.dh.book.springboot.web.IndexControllerTest]: using defaults.
16:20:27.904 [Test worker] INFO org.springframework.boot.test.context.SpringBootTestContextBootstrapper - Loaded default TestExecutionListener class names from location [META-INF/spring.factories]: [org.springframework.boot.test.autoconfigure.restdocs.RestDocsTestExecutionListener, org.springframework.boot.test.autoconfigure.web.client.MockRestServiceServerResetTestExecutionListener, org.springframework.boot.test.autoconfigure.web.servlet.MockMvcPrintOnlyOnFailureTestExecutionListener, org.springframework.boot.test.autoconfigure.web.servlet.WebDriverTestExecutionListener, org.springframework.boot.test.autoconfigure.webservices.client.MockWebServiceServerTestExecutionListener, org.springframework.boot.test.mock.mockito.MockitoTestExecutionListener, org.springframework.boot.test.mock.mockito.ResetMocksTestExecutionListener, org.springframework.test.context.web.ServletTestExecutionListener, org.springframework.test.context.support.DirtiesContextBeforeModesTestExecutionListener, org.springframework.test.context.event.ApplicationEventsTestExecutionListener, org.springframework.test.context.support.DependencyInjectionTestExecutionListener, org.springframework.test.context.support.DirtiesContextTestExecutionListener, org.springframework.test.context.transaction.TransactionalTestExecutionListener, org.springframework.test.context.jdbc.SqlScriptsTestExecutionListener, org.springframework.test.context.event.EventPublishingTestExecutionListener]
16:20:27.930 [Test worker] INFO org.springframework.boot.test.context.SpringBootTestContextBootstrapper - Using TestExecutionListeners: [org.springframework.test.context.web.ServletTestExecutionListener@635572a7, org.springframework.test.context.support.DirtiesContextBeforeModesTestExecutionListener@79d94571, org.springframework.test.context.event.ApplicationEventsTestExecutionListener@4dd02341, org.springframework.boot.test.mock.mockito.MockitoTestExecutionListener@3212a8d7, org.springframework.boot.test.autoconfigure.SpringBootDependencyInjectionTestExecutionListener@7a1a3478, org.springframework.test.context.support.DirtiesContextTestExecutionListener@495b0487, org.springframework.test.context.transaction.TransactionalTestExecutionListener@55dfcc6, org.springframework.test.context.jdbc.SqlScriptsTestExecutionListener@222eb8aa, org.springframework.test.context.event.EventPublishingTestExecutionListener@93cf163, org.springframework.boot.test.autoconfigure.restdocs.RestDocsTestExecutionListener@1852a3ff, org.springframework.boot.test.autoconfigure.web.client.MockRestServiceServerResetTestExecutionListener@7203c7ff, org.springframework.boot.test.autoconfigure.web.servlet.MockMvcPrintOnlyOnFailureTestExecutionListener@25bfcafd, org.springframework.boot.test.autoconfigure.web.servlet.WebDriverTestExecutionListener@4b6690c0, org.springframework.boot.test.autoconfigure.webservices.client.MockWebServiceServerTestExecutionListener@46268f08, org.springframework.boot.test.mock.mockito.ResetMocksTestExecutionListener@2a76840c]
16:20:27.935 [Test worker] DEBUG org.springframework.test.context.support.AbstractDirtiesContextTestExecutionListener - Before test class: context [DefaultTestContext@5023bb8b testClass = IndexControllerTest, testInstance = [null], testMethod = [null], testException = [null], mergedContextConfiguration = [WebMergedContextConfiguration@5d5f10b2 testClass = IndexControllerTest, locations = '{}', classes = '{class com.dh.book.springboot.Application}', contextInitializerClasses = '[]', activeProfiles = '{}', propertySourceLocations = '{}', propertySourceProperties = '{org.springframework.boot.test.context.SpringBootTestContextBootstrapper=true, server.port=0}', contextCustomizers = set[org.springframework.boot.test.autoconfigure.actuate.metrics.MetricsExportContextCustomizerFactory$DisableMetricExportContextCustomizer@7fb4f2a9, org.springframework.boot.test.autoconfigure.properties.PropertyMappingContextCustomizer@0, org.springframework.boot.test.autoconfigure.web.servlet.WebDriverContextCustomizerFactory$Customizer@3e0e1046, org.springframework.boot.test.context.filter.ExcludeFilterContextCustomizer@37313c65, org.springframework.boot.test.json.DuplicateJsonObjectContextCustomizerFactory$DuplicateJsonObjectContextCustomizer@7486b455, org.springframework.boot.test.mock.mockito.MockitoContextCustomizer@0, org.springframework.boot.test.web.client.TestRestTemplateContextCustomizer@21be3395, org.springframework.boot.test.context.SpringBootTestArgs@1, org.springframework.boot.test.context.SpringBootTestWebEnvironment@393671df], resourceBasePath = 'src/main/webapp', contextLoader = 'org.springframework.boot.test.context.SpringBootContextLoader', parent = [null]], attributes = map['org.springframework.test.context.web.ServletTestExecutionListener.activateListener' -> false]], class annotated with @DirtiesContext [false] with mode [null].
16:20:27.948 [Test worker] DEBUG org.springframework.test.context.support.DependencyInjectionTestExecutionListener - Performing dependency injection for test context [[DefaultTestContext@5023bb8b testClass = IndexControllerTest, testInstance = com.dh.book.springboot.web.IndexControllerTest@33b1c5c5, testMethod = [null], testException = [null], mergedContextConfiguration = [WebMergedContextConfiguration@5d5f10b2 testClass = IndexControllerTest, locations = '{}', classes = '{class com.dh.book.springboot.Application}', contextInitializerClasses = '[]', activeProfiles = '{}', propertySourceLocations = '{}', propertySourceProperties = '{org.springframework.boot.test.context.SpringBootTestContextBootstrapper=true, server.port=0}', contextCustomizers = set[org.springframework.boot.test.autoconfigure.actuate.metrics.MetricsExportContextCustomizerFactory$DisableMetricExportContextCustomizer@7fb4f2a9, org.springframework.boot.test.autoconfigure.properties.PropertyMappingContextCustomizer@0, org.springframework.boot.test.autoconfigure.web.servlet.WebDriverContextCustomizerFactory$Customizer@3e0e1046, org.springframework.boot.test.context.filter.ExcludeFilterContextCustomizer@37313c65, org.springframework.boot.test.json.DuplicateJsonObjectContextCustomizerFactory$DuplicateJsonObjectContextCustomizer@7486b455, org.springframework.boot.test.mock.mockito.MockitoContextCustomizer@0, org.springframework.boot.test.web.client.TestRestTemplateContextCustomizer@21be3395, org.springframework.boot.test.context.SpringBootTestArgs@1, org.springframework.boot.test.context.SpringBootTestWebEnvironment@393671df], resourceBasePath = 'src/main/webapp', contextLoader = 'org.springframework.boot.test.context.SpringBootContextLoader', parent = [null]], attributes = map['org.springframework.test.context.web.ServletTestExecutionListener.activateListener' -> false, 'org.springframework.test.context.event.ApplicationEventsTestExecutionListener.recordApplicationEvents' -> false]]].

  .   ____          _            __ _ _
 /\\ / ___'_ __ _ _(_)_ __  __ _ \ \ \ \
( ( )\___ | '_ | '_| | '_ \/ _` | \ \ \ \
 \\/  ___)| |_)| | | | | || (_| |  ) ) ) )
  '  |____| .__|_| |_|_| |_\__, | / / / /
 =========|_|==============|___/=/_/_/_/
 :: Spring Boot ::               (v2.7.18)

2025-07-03 16:20:28.339  INFO 9200 --- [    Test worker] c.d.b.s.web.IndexControllerTest          : Starting IndexControllerTest using Java 1.8.0_452 on dohy with PID 9200 (started by dohy in C:\Users\dohy\IdeaProjects\second-my-springboot2-webservice-dh)
2025-07-03 16:20:28.342  INFO 9200 --- [    Test worker] c.d.b.s.web.IndexControllerTest          : No active profile set, falling back to 1 default profile: "default"
2025-07-03 16:20:29.084  INFO 9200 --- [    Test worker] .s.d.r.c.RepositoryConfigurationDelegate : Bootstrapping Spring Data JPA repositories in DEFAULT mode.
2025-07-03 16:20:29.153  INFO 9200 --- [    Test worker] .s.d.r.c.RepositoryConfigurationDelegate : Finished Spring Data repository scanning in 57 ms. Found 1 JPA repository interfaces.
2025-07-03 16:20:29.978  INFO 9200 --- [    Test worker] o.s.b.w.embedded.tomcat.TomcatWebServer  : Tomcat initialized with port(s): 0 (http)
2025-07-03 16:20:29.990  INFO 9200 --- [    Test worker] o.apache.catalina.core.StandardService   : Starting service [Tomcat]
2025-07-03 16:20:29.991  INFO 9200 --- [    Test worker] org.apache.catalina.core.StandardEngine  : Starting Servlet engine: [Apache Tomcat/9.0.83]
2025-07-03 16:20:30.132  INFO 9200 --- [    Test worker] o.a.c.c.C.[Tomcat].[localhost].[/]       : Initializing Spring embedded WebApplicationContext
2025-07-03 16:20:30.133  INFO 9200 --- [    Test worker] w.s.c.ServletWebServerApplicationContext : Root WebApplicationContext: initialization completed in 1761 ms
2025-07-03 16:20:30.177  INFO 9200 --- [    Test worker] com.zaxxer.hikari.HikariDataSource       : HikariPool-1 - Starting...
2025-07-03 16:20:30.458  INFO 9200 --- [    Test worker] com.zaxxer.hikari.HikariDataSource       : HikariPool-1 - Start completed.
2025-07-03 16:20:30.469  INFO 9200 --- [    Test worker] o.s.b.a.h2.H2ConsoleAutoConfiguration    : H2 console available at '/h2-console'. Database available at 'jdbc:h2:mem:testdb'
2025-07-03 16:20:31.122  INFO 9200 --- [    Test worker] o.hibernate.jpa.internal.util.LogHelper  : HHH000204: Processing PersistenceUnitInfo [name: default]
2025-07-03 16:20:31.209  INFO 9200 --- [    Test worker] org.hibernate.Version                    : HHH000412: Hibernate ORM core version 5.6.15.Final
2025-07-03 16:20:31.486  INFO 9200 --- [    Test worker] o.hibernate.annotations.common.Version   : HCANN000001: Hibernate Commons Annotations {5.1.2.Final}
2025-07-03 16:20:31.676  INFO 9200 --- [    Test worker] org.hibernate.dialect.Dialect            : HHH000400: Using dialect: org.hibernate.dialect.MySQL5InnoDBDialect
Hibernate: 
    
    drop table if exists posts
Hibernate: 
    
    create table posts (
       id bigint not null auto_increment,
        created_date datetime,
        modified_date datetime,
        author varchar(255),
        content TEXT not null,
        title varchar(500) not null,
        primary key (id)
    ) engine=InnoDB
2025-07-03 16:20:32.539  INFO 9200 --- [    Test worker] o.h.e.t.j.p.i.JtaPlatformInitiator       : HHH000490: Using JtaPlatform implementation: [org.hibernate.engine.transaction.jta.platform.internal.NoJtaPlatform]
2025-07-03 16:20:32.553  INFO 9200 --- [    Test worker] j.LocalContainerEntityManagerFactoryBean : Initialized JPA EntityManagerFactory for persistence unit 'default'
2025-07-03 16:20:33.123  WARN 9200 --- [    Test worker] JpaBaseConfiguration$JpaWebConfiguration : spring.jpa.open-in-view is enabled by default. Therefore, database queries may be performed during view rendering. Explicitly configure spring.jpa.open-in-view to disable this warning
2025-07-03 16:20:33.464  INFO 9200 --- [    Test worker] o.s.b.a.w.s.WelcomePageHandlerMapping    : Adding welcome page template: index
2025-07-03 16:20:33.913  INFO 9200 --- [    Test worker] o.s.b.w.embedded.tomcat.TomcatWebServer  : Tomcat started on port(s): 55230 (http) with context path ''
2025-07-03 16:20:33.922  INFO 9200 --- [    Test worker] c.d.b.s.web.IndexControllerTest          : Started IndexControllerTest in 5.947 seconds (JVM running for 7.533)
2025-07-03 16:20:34.151  INFO 9200 --- [o-auto-1-exec-1] o.a.c.c.C.[Tomcat].[localhost].[/]       : Initializing Spring DispatcherServlet 'dispatcherServlet'
2025-07-03 16:20:34.151  INFO 9200 --- [o-auto-1-exec-1] o.s.web.servlet.DispatcherServlet        : Initializing Servlet 'dispatcherServlet'
2025-07-03 16:20:34.153  INFO 9200 --- [o-auto-1-exec-1] o.s.web.servlet.DispatcherServlet        : Completed initialization in 2 ms
]]></system-out>
  <system-err><![CDATA[]]></system-err>
</testsuite>
