<?xml version="1.0" encoding="UTF-8"?>
<testsuite name="com.dh.book.springboot.web.dto.HelloResponseDtoTest" tests="1" skipped="0" failures="0" errors="0" timestamp="2025-07-07T10:34:26.319Z" hostname="DOHY" time="0.004">
  <properties/>
  <testcase name="롬복_가능_테스트()" classname="com.dh.book.springboot.web.dto.HelloResponseDtoTest" time="0.004"/>
  <system-out><![CDATA[]]></system-out>
  <system-err><![CDATA[]]></system-err>
</testsuite>
